<?xml version="1.0" encoding="UTF-8"?>
<!-- Generated by org.testng.reporters.JUnitXMLReporter -->
<testsuite ignored="2" hostname="CPC-debas-HPLU6" failures="0" tests="1" name="Default test" time="6.059" errors="0" timestamp="2024-09-18T13:20:32 IST">
  <testcase classname="tests.LoginPageTest" name="doLoginTest" time="2.272"/>
  <testcase classname="tests.LoginPageTest" name="getFooterTextTest" time="0.0">
    <ignored/>
  </testcase> <!-- getFooterTextTest -->
  <testcase classname="tests.LoginPageTest" name="getTitleTest" time="0.0">
    <ignored/>
  </testcase> <!-- getTitleTest -->
</testsuite> <!-- Default test -->
