<?xml version="1.0" encoding="UTF-8"?>
<testng-results ignored="0" total="1" passed="1" failed="0" skipped="0">
  <reporter-output>
  </reporter-output>
  <suite started-at="2024-09-18T13:20:26 IST" name="Default suite" finished-at="2024-09-18T13:20:32 IST" duration-ms="6059">
    <groups>
    </groups>
    <test started-at="2024-09-18T13:20:26 IST" name="Default test" finished-at="2024-09-18T13:20:32 IST" duration-ms="6059">
      <class name="tests.LoginPageTest">
        <test-method is-config="true" signature="setup()[pri:0, instance:tests.LoginPageTest@47eaca72]" started-at="2024-09-18T13:20:26 IST" name="setup" finished-at="2024-09-18T13:20:30 IST" duration-ms="3748" status="PASS">
          <reporter-output>
          </reporter-output>
        </test-method> <!-- setup -->
        <test-method signature="doLoginTest()[pri:0, instance:tests.LoginPageTest@47eaca72]" started-at="2024-09-18T13:20:30 IST" name="doLoginTest" finished-at="2024-09-18T13:20:32 IST" duration-ms="2272" status="PASS">
          <reporter-output>
          </reporter-output>
        </test-method> <!-- doLoginTest -->
        <test-method is-config="true" signature="teardown()[pri:0, instance:tests.LoginPageTest@47eaca72]" started-at="2024-09-18T13:20:32 IST" name="teardown" finished-at="2024-09-18T13:20:32 IST" duration-ms="0" status="PASS">
          <reporter-output>
          </reporter-output>
        </test-method> <!-- teardown -->
      </class> <!-- tests.LoginPageTest -->
    </test> <!-- Default test -->
  </suite> <!-- Default suite -->
</testng-results>
